Using pre-set license
Built from '2020.2/release' branch; Version is '2020.2.0f1 (3721df5a8b28) revision 3613151'; Using compiler version '192528614'; Build Type 'Release'
OS: 'Windows 10  (10.0.0) 64bit' Language: 'en' Physical Memory: 16326 MB
BatchMode: 1, IsHumanControllingUs: 0, StartBugReporterOnCrash: 0, Is64bit: 1, IsPro: 0

 COMMAND LINE ARGUMENTS:
C:\Program Files\Unity\Hub\Editor\2020.2.0f1\Editor\Unity.exe
-adb2
-batchMode
-noUpm
-name
AssetImportWorker0
-projectPath
C:/Users/alex/Documents/GitHub/IncrementalGame/IncrementalGame
-logFile
Logs/AssetImportWorker0.log
-srvPort
50702
Successfully changed project path to: C:/Users/alex/Documents/GitHub/IncrementalGame/IncrementalGame
C:/Users/alex/Documents/GitHub/IncrementalGame/IncrementalGame
Using Asset Import Pipeline V2.
Refreshing native plugins compatible for Editor in 31.09 ms, found 1 plugins.
Preloading 0 native plugins for Editor in 0.00 ms.
Initialize engine version: 2020.2.0f1 (3721df5a8b28)
[Subsystems] Discovering subsystems at path C:/Program Files/Unity/Hub/Editor/2020.2.0f1/Editor/Data/Resources/UnitySubsystems
[Subsystems] Discovering subsystems at path C:/Users/alex/Documents/GitHub/IncrementalGame/IncrementalGame/Assets
GfxDevice: creating device client; threaded=0
Direct3D:
    Version:  Direct3D 11.0 [level 11.1]
    Renderer: NVIDIA GeForce GTX 970 (ID=0x13c2)
    Vendor:   
    VRAM:     4043 MB
    Driver:   27.21.14.5655
Initialize mono
Mono path[0] = 'C:/Program Files/Unity/Hub/Editor/2020.2.0f1/Editor/Data/Managed'
Mono path[1] = 'C:/Program Files/Unity/Hub/Editor/2020.2.0f1/Editor/Data/MonoBleedingEdge/lib/mono/unityjit'
Mono config path = 'C:/Program Files/Unity/Hub/Editor/2020.2.0f1/Editor/Data/MonoBleedingEdge/etc'
Using monoOptions --debugger-agent=transport=dt_socket,embedding=1,server=y,suspend=n,address=127.0.0.1:56664
Begin MonoManager ReloadAssembly
Registering precompiled unity dll's ...
Register platform support module: C:/Program Files/Unity/Hub/Editor/2020.2.0f1/Editor/Data/PlaybackEngines/WindowsStandaloneSupport/UnityEditor.WindowsStandalone.Extensions.dll
Registered in 0.002880 seconds.
Native extension for WindowsStandalone target not found
Refreshing native plugins compatible for Editor in 34.74 ms, found 1 plugins.
Preloading 0 native plugins for Editor in 0.00 ms.
Invoked RoslynAnalysisRunner static constructor.
RoslynAnalysisRunner will not be running.
RoslynAnalysisRunner has terminated.
Mono: successfully reloaded assembly
- Completed reload, in  1.073 seconds
Platform modules already initialized, skipping
Registering precompiled user dll's ...
Registered in 0.000949 seconds.
Begin MonoManager ReloadAssembly
Native extension for WindowsStandalone target not found
Refreshing native plugins compatible for Editor in 35.49 ms, found 1 plugins.
Preloading 0 native plugins for Editor in 0.00 ms.
Invoked RoslynAnalysisRunner static constructor.
RoslynAnalysisRunner will not be running.
RoslynAnalysisRunner has terminated.
Mono: successfully reloaded assembly
- Completed reload, in  0.989 seconds
Platform modules already initialized, skipping
========================================================================
Worker process is ready to serve import requests
Launched and connected shader compiler UnityShaderCompiler.exe after 0.04 seconds
Refreshing native plugins compatible for Editor in 0.32 ms, found 1 plugins.
Preloading 0 native plugins for Editor in 0.00 ms.
Unloading 1790 Unused Serialized files (Serialized files now loaded: 0)
System memory in use before: 83.7 MB.
System memory in use after: 83.7 MB.

Unloading 23 unused Assets to reduce memory usage. Loaded Objects now: 2231.
Total: 2.468400 ms (FindLiveObjects: 0.437900 ms CreateObjectMapping: 0.163300 ms MarkObjects: 1.770600 ms  DeleteObjects: 0.094700 ms)

========================================================================
Received Import Request.
  path: Assets/Scripts
  artifactKey: Guid(9c8fe730fc348e84180e792723c2b915) Importer(815301076,1909f56bfc062723c751e8b465ee728b)
Start importing Assets/Scripts using Guid(9c8fe730fc348e84180e792723c2b915) Importer(815301076,1909f56bfc062723c751e8b465ee728b)  -> (artifact id: 'f7b6b16728e90d4ba9d1a85e23ea089f') in 0.009033 seconds
  Import took 0.011834 seconds .

========================================================================
Received Import Request.
  Time since last request: 3.416673 seconds.
  path: Assets/Scripts/Player.cs
  artifactKey: Guid(87f92247ac1343b44a28eada7e8e4f62) Importer(815301076,1909f56bfc062723c751e8b465ee728b)
Start importing Assets/Scripts/Player.cs using Guid(87f92247ac1343b44a28eada7e8e4f62) Importer(815301076,1909f56bfc062723c751e8b465ee728b)  -> (artifact id: 'a42f556dde367f6f6d4fc9b8ef4646bb') in 0.042198 seconds
  Import took 0.045531 seconds .

========================================================================
Received Prepare
Refreshing native plugins compatible for Editor in 1.91 ms, found 1 plugins.
Preloading 0 native plugins for Editor in 0.00 ms.
Unloading 9 Unused Serialized files (Serialized files now loaded: 0)
System memory in use before: 48.4 MB.
System memory in use after: 48.5 MB.

Unloading 9 unused Assets to reduce memory usage. Loaded Objects now: 2231.
Total: 1.576500 ms (FindLiveObjects: 0.159300 ms CreateObjectMapping: 0.057100 ms MarkObjects: 1.295600 ms  DeleteObjects: 0.063400 ms)

AssetImportWorkerClient::OnTransportError - code=2 error=End of file
